<?xml version="1.0" encoding="UTF-8"?>
<!-- Generated by org.testng.reporters.JUnitXMLReporter -->
<testsuite ignored="0" hostname="DESKTOP-88LF8IH" failures="1" tests="11" name="toutorialsninja Tests" time="48.216" errors="0" timestamp="2024-11-17T14:36:42 IST">
  <testcase classname="com.toutorialsninjaProj.qa.testcases.Register" name="verifyregisteraccountwithmandatoryfields" time="1.491"/>
  <testcase classname="com.toutorialsninjaProj.qa.testcases.Register" name="verifyregisteraccountwithallfields" time="1.156"/>
  <testcase classname="com.toutorialsninjaProj.qa.testcases.Register" name="verifyRegisteringAccountwithExistingEmailid" time="0.963"/>
  <testcase classname="com.toutorialsninjaProj.qa.testcases.Register" name="Verifyregisteringaccountwithoutfillingmanddetails" time="0.396"/>
  <testcase classname="com.toutorialsninjaProj.qa.testcases.Login" name="loginwithInvalidlogin" time="0.64"/>
  <testcase classname="com.toutorialsninjaProj.qa.testcases.Login" name="loginwithvalidEmailandInvalidpsw" time="0.752"/>
  <testcase classname="com.toutorialsninjaProj.qa.testcases.Login" name="loginwithInvalidEmailandValidPSW" time="0.655"/>
  <testcase classname="com.toutorialsninjaProj.qa.testcases.Login" name="loginwithoutEnteringEmailandPSW" time="0.584"/>
  <testcase classname="com.toutorialsninjaProj.qa.testcases.Search" name="Verifysearchwithexistingproducts" time="10.338">
    <failure type="org.openqa.selenium.NoSuchElementException" message="no such element: Unable to locate element: {&amp;quot;method&amp;quot;:&amp;quot;link text&amp;quot;,&amp;quot;selector&amp;quot;:&amp;quot;HP LP3065&amp;quot;}
  (Session info: chrome=130.0.6723.117)
For documentation on this error, please visit: https://www.selenium.dev/documentation/webdriver/troubleshooting/errors#no-such-element-exception
Build info: version: &amp;apos;4.19.1&amp;apos;, revision: &amp;apos;abe0ee07dc&amp;apos;
System info: os.name: &amp;apos;Windows 10&amp;apos;, os.arch: &amp;apos;amd64&amp;apos;, os.version: &amp;apos;10.0&amp;apos;, java.version: &amp;apos;17.0.10&amp;apos;
Driver info: org.openqa.selenium.chrome.ChromeDriver
Command: [b2230f56f8f77b49145f92542a06e370, findElement {using=link text, value=HP LP3065}]
Capabilities {acceptInsecureCerts: false, browserName: chrome, browserVersion: 130.0.6723.117, chrome: {chromedriverVersion: 130.0.6723.116 (6ac35f94ae3..., userDataDir: C:\Users\SHADOW~1\AppData\L...}, fedcm:accounts: true, goog:chromeOptions: {debuggerAddress: localhost:52561}, networkConnectionEnabled: false, pageLoadStrategy: normal, platformName: windows, proxy: Proxy(), se:cdp: ws://localhost:52561/devtoo..., se:cdpVersion: 130.0.6723.117, setWindowRect: true, strictFileInteractability: false, timeouts: {implicit: 0, pageLoad: 300000, script: 30000}, unhandledPromptBehavior: dismiss and notify, webauthn:extension:credBlob: true, webauthn:extension:largeBlob: true, webauthn:extension:minPinLength: true, webauthn:extension:prf: true, webauthn:virtualAuthenticators: true}
Session ID: b2230f56f8f77b49145f92542a06e370">
      <![CDATA[org.openqa.selenium.NoSuchElementException: no such element: Unable to locate element: {"method":"link text","selector":"HP LP3065"}
  (Session info: chrome=130.0.6723.117)
For documentation on this error, please visit: https://www.selenium.dev/documentation/webdriver/troubleshooting/errors#no-such-element-exception
Build info: version: '4.19.1', revision: 'abe0ee07dc'
System info: os.name: 'Windows 10', os.arch: 'amd64', os.version: '10.0', java.version: '17.0.10'
Driver info: org.openqa.selenium.chrome.ChromeDriver
Command: [b2230f56f8f77b49145f92542a06e370, findElement {using=link text, value=HP LP3065}]
Capabilities {acceptInsecureCerts: false, browserName: chrome, browserVersion: 130.0.6723.117, chrome: {chromedriverVersion: 130.0.6723.116 (6ac35f94ae3..., userDataDir: C:\Users\SHADOW~1\AppData\L...}, fedcm:accounts: true, goog:chromeOptions: {debuggerAddress: localhost:52561}, networkConnectionEnabled: false, pageLoadStrategy: normal, platformName: windows, proxy: Proxy(), se:cdp: ws://localhost:52561/devtoo..., se:cdpVersion: 130.0.6723.117, setWindowRect: true, strictFileInteractability: false, timeouts: {implicit: 0, pageLoad: 300000, script: 30000}, unhandledPromptBehavior: dismiss and notify, webauthn:extension:credBlob: true, webauthn:extension:largeBlob: true, webauthn:extension:minPinLength: true, webauthn:extension:prf: true, webauthn:virtualAuthenticators: true}
Session ID: b2230f56f8f77b49145f92542a06e370
at org.openqa.selenium.remote.ErrorCodec.decode(ErrorCodec.java:167)
at org.openqa.selenium.remote.codec.w3c.W3CHttpResponseCodec.decode(W3CHttpResponseCodec.java:138)
at org.openqa.selenium.remote.codec.w3c.W3CHttpResponseCodec.decode(W3CHttpResponseCodec.java:50)
at org.openqa.selenium.remote.HttpCommandExecutor.execute(HttpCommandExecutor.java:190)
at org.openqa.selenium.remote.service.DriverCommandExecutor.invokeExecute(DriverCommandExecutor.java:216)
at org.openqa.selenium.remote.service.DriverCommandExecutor.execute(DriverCommandExecutor.java:174)
at org.openqa.selenium.remote.RemoteWebDriver.execute(RemoteWebDriver.java:518)
at org.openqa.selenium.remote.ElementLocation$ElementFinder$2.findElement(ElementLocation.java:165)
at org.openqa.selenium.remote.ElementLocation.findElement(ElementLocation.java:59)
at org.openqa.selenium.remote.RemoteWebDriver.findElement(RemoteWebDriver.java:355)
at org.openqa.selenium.remote.RemoteWebDriver.findElement(RemoteWebDriver.java:349)
at com.toutorialsninjaProj.qa.testcases.Search.Verifysearchwithexistingproducts(Search.java:50)
at java.base/java.util.ArrayList.forEach(ArrayList.java:1511)
... Removed 32 stack frames]]>
    </failure>
  </testcase> <!-- Verifysearchwithexistingproducts -->
  <testcase classname="com.toutorialsninjaProj.qa.testcases.Search" name="Verifysearchwithnonexistingproducts" time="0.399"/>
  <testcase classname="com.toutorialsninjaProj.qa.testcases.Search" name="Verifysearchwithoutenteringanyproduct" time="0.0">
    <skipped/>
  </testcase> <!-- Verifysearchwithoutenteringanyproduct -->
</testsuite> <!-- toutorialsninja Tests -->
